[2026-05-21 21:02:31 -0400] [1762] [INFO] Starting gunicorn 25.1.0
[2026-05-21 21:02:31 -0400] [1762] [INFO] Listening at: http://0.0.0.0:8000 (1762)
[2026-05-21 21:02:31 -0400] [1762] [INFO] Using worker: sync
[2026-05-21 21:02:31 -0400] [1762] [INFO] Control socket listening at /root/stock-scanner-V5/scanner_site/scanner_site/gunicorn.ctl
[2026-05-21 21:02:31 -0400] [1764] [INFO] Booting worker with pid: 1764
[2026-05-21 21:02:31 -0400] [1764] [ERROR] Exception in worker process
Traceback (most recent call last):
  File "/root/stock-scanner-V3/venv/lib/python3.12/site-packages/gunicorn/arbiter.py", line 708, in spawn_worker
    worker.init_process()
  File "/root/stock-scanner-V3/venv/lib/python3.12/site-packages/gunicorn/workers/base.py", line 136, in init_process
    self.load_wsgi()
  File "/root/stock-scanner-V3/venv/lib/python3.12/site-packages/gunicorn/workers/base.py", line 148, in load_wsgi
    self.wsgi = self.app.wsgi()
                ^^^^^^^^^^^^^^^
  File "/root/stock-scanner-V3/venv/lib/python3.12/site-packages/gunicorn/app/base.py", line 66, in wsgi
    self.callable = self.load()
                    ^^^^^^^^^^^
  File "/root/stock-scanner-V3/venv/lib/python3.12/site-packages/gunicorn/app/wsgiapp.py", line 57, in load
    return self.load_wsgiapp()
           ^^^^^^^^^^^^^^^^^^^
  File "/root/stock-scanner-V3/venv/lib/python3.12/site-packages/gunicorn/app/wsgiapp.py", line 47, in load_wsgiapp
    return util.import_app(self.app_uri)
           ^^^^^^^^^^^^^^^^^^^^^^^^^^^^^
  File "/root/stock-scanner-V3/venv/lib/python3.12/site-packages/gunicorn/util.py", line 377, in import_app
    mod = importlib.import_module(module)
          ^^^^^^^^^^^^^^^^^^^^^^^^^^^^^^^
  File "/usr/lib/python3.12/importlib/__init__.py", line 90, in import_module
    return _bootstrap._gcd_import(name[level:], package, level)
           ^^^^^^^^^^^^^^^^^^^^^^^^^^^^^^^^^^^^^^^^^^^^^^^^^^^^
  File "<frozen importlib._bootstrap>", line 1387, in _gcd_import
  File "<frozen importlib._bootstrap>", line 1360, in _find_and_load
  File "<frozen importlib._bootstrap>", line 1310, in _find_and_load_unlocked
  File "<frozen importlib._bootstrap>", line 488, in _call_with_frames_removed
  File "<frozen importlib._bootstrap>", line 1387, in _gcd_import
  File "<frozen importlib._bootstrap>", line 1360, in _find_and_load
  File "<frozen importlib._bootstrap>", line 1324, in _find_and_load_unlocked
ModuleNotFoundError: No module named 'scanner_site'
No module named 'scanner_site'
[2026-05-21 21:02:31 -0400] [1764] [INFO] Worker exiting (pid: 1764)
[2026-05-21 21:02:31 -0400] [1762] [ERROR] Worker (pid:1764) exited with code 3.
[2026-05-21 21:02:31 -0400] [1762] [ERROR] Shutting down: Master
[2026-05-21 21:02:31 -0400] [1762] [ERROR] Reason: Worker failed to boot.
